2025-08-16 18:24:41 [INFO] root: START TEST FUNCTION
2025-08-16 18:24:41 [DEBUG] depgraph.utils: start searching python modules in /home/hajemet/Рабочий стол/py/dependency-graph-builder
2025-08-16 18:24:41 [DEBUG] depgraph.utils: Found Python module in depgraph/main.py
2025-08-16 18:24:41 [DEBUG] depgraph.utils: Found Python module in depgraph/utils.py
2025-08-16 18:24:41 [DEBUG] depgraph.utils: Found Python module in depgraph/test_strings.py
2025-08-16 18:24:41 [DEBUG] depgraph.utils: Found Python module in depgraph/__init__.py
2025-08-16 18:24:41 [DEBUG] depgraph.utils: Found Python module in depgraph/logging_setup.py
2025-08-16 18:24:41 [DEBUG] depgraph.utils: Found Python module in depgraph/dep_finding/__init__.py
2025-08-16 18:24:41 [DEBUG] depgraph.utils: Found Python module in depgraph/dep_finding/python_dep_finder.py
2025-08-16 18:24:41 [DEBUG] depgraph.utils: Found Python module in depgraph/analyzing/__init__.py
2025-08-16 18:24:41 [DEBUG] depgraph.utils: Found Python module in depgraph/analyzing/python_analyzer.py
2025-08-16 18:24:41 [INFO] depgraph.utils: founded 9 modules in /home/hajemet/Рабочий стол/py/dependency-graph-builder
2025-08-16 18:24:41 [DEBUG] depgraph.dep_finding.python_dep_finder: starting analyzing imports in depgraph/main.py
2025-08-16 18:24:41 [DEBUG] depgraph.analyzing.python_analyzer: found an ast.ImportFrom node
2025-08-16 18:24:41 [DEBUG] depgraph.analyzing.python_analyzer: founded import`s info
import module: pprint
import name:   pprint
import asname: None
import level:  0
2025-08-16 18:24:41 [DEBUG] depgraph.analyzing.python_analyzer: found an ast.ImportFrom node
2025-08-16 18:24:41 [DEBUG] depgraph.analyzing.python_analyzer: founded import`s info
import module: pathlib
import name:   Path
import asname: None
import level:  0
2025-08-16 18:24:41 [DEBUG] depgraph.analyzing.python_analyzer: found an ast.ImportFrom node
2025-08-16 18:24:41 [DEBUG] depgraph.analyzing.python_analyzer: founded import`s info
import module: logging_setup
import name:   setup_logger
import asname: None
import level:  1
2025-08-16 18:24:41 [DEBUG] depgraph.analyzing.python_analyzer: found an ast.ImportFrom node
2025-08-16 18:24:41 [DEBUG] depgraph.analyzing.python_analyzer: founded import`s info
import module: analyzing.python_analyzer
import name:   PythonImportsAnalyzer
import asname: None
import level:  1
2025-08-16 18:24:41 [DEBUG] depgraph.analyzing.python_analyzer: found an ast.ImportFrom node
2025-08-16 18:24:41 [DEBUG] depgraph.analyzing.python_analyzer: founded import`s info
import module: dep_finding.python_dep_finder
import name:   PythonDepFinder
import asname: None
import level:  1
2025-08-16 18:24:41 [DEBUG] depgraph.analyzing.python_analyzer: found an ast.ImportFrom node
2025-08-16 18:24:41 [DEBUG] depgraph.analyzing.python_analyzer: founded import`s info
import module: None
import name:   test_strings
import asname: None
import level:  1
2025-08-16 18:24:41 [DEBUG] depgraph.analyzing.python_analyzer: found an ast.ImportFrom node
2025-08-16 18:24:41 [DEBUG] depgraph.analyzing.python_analyzer: founded import`s info
import module: utils
import name:   _find_all_python_modules
import asname: None
import level:  1
2025-08-16 18:24:41 [DEBUG] depgraph.dep_finding.python_dep_finder: Could not resolve import {'module': 'pprint', 'name': 'pprint', 'asname': None, 'level': 0} in depgraph/main.py
2025-08-16 18:24:41 [DEBUG] depgraph.dep_finding.python_dep_finder: Could not resolve import {'module': 'pathlib', 'name': 'Path', 'asname': None, 'level': 0} in depgraph/main.py
2025-08-16 18:24:41 [DEBUG] depgraph.dep_finding.python_dep_finder: Resolved import {'module': 'logging_setup', 'name': 'setup_logger', 'asname': None, 'level': 1} in depgraph/main.py -> depgraph/logging_setup.py
2025-08-16 18:24:41 [DEBUG] depgraph.dep_finding.python_dep_finder: Resolved import {'module': 'analyzing.python_analyzer', 'name': 'PythonImportsAnalyzer', 'asname': None, 'level': 1} in depgraph/main.py -> depgraph/analyzing/python_analyzer.py
2025-08-16 18:24:41 [DEBUG] depgraph.dep_finding.python_dep_finder: Resolved import {'module': 'dep_finding.python_dep_finder', 'name': 'PythonDepFinder', 'asname': None, 'level': 1} in depgraph/main.py -> depgraph/dep_finding/python_dep_finder.py
2025-08-16 18:24:41 [DEBUG] depgraph.dep_finding.python_dep_finder: Resolved import {'module': None, 'name': 'test_strings', 'asname': None, 'level': 1} in depgraph/main.py -> depgraph/test_strings.py
2025-08-16 18:24:41 [DEBUG] depgraph.dep_finding.python_dep_finder: Resolved import {'module': 'utils', 'name': '_find_all_python_modules', 'asname': None, 'level': 1} in depgraph/main.py -> depgraph/utils.py
2025-08-16 18:24:41 [DEBUG] depgraph.dep_finding.python_dep_finder: starting analyzing imports in depgraph/utils.py
2025-08-16 18:24:41 [DEBUG] depgraph.analyzing.python_analyzer: found an ast.ImportFrom node
2025-08-16 18:24:41 [DEBUG] depgraph.analyzing.python_analyzer: founded import`s info
import module: typing
import name:   get_origin
import asname: None
import level:  0
2025-08-16 18:24:41 [DEBUG] depgraph.analyzing.python_analyzer: founded import`s info
import module: typing
import name:   get_args
import asname: None
import level:  0
2025-08-16 18:24:41 [DEBUG] depgraph.analyzing.python_analyzer: founded import`s info
import module: typing
import name:   Union
import asname: None
import level:  0
2025-08-16 18:24:41 [DEBUG] depgraph.analyzing.python_analyzer: founded import`s info
import module: typing
import name:   Set
import asname: None
import level:  0
2025-08-16 18:24:41 [DEBUG] depgraph.analyzing.python_analyzer: found an ast.ImportFrom node
2025-08-16 18:24:41 [DEBUG] depgraph.analyzing.python_analyzer: founded import`s info
import module: pathlib
import name:   Path
import asname: None
import level:  0
2025-08-16 18:24:41 [DEBUG] depgraph.analyzing.python_analyzer: found an ast.Import node
2025-08-16 18:24:41 [DEBUG] depgraph.analyzing.python_analyzer: founded import`s info
import module: None
import name:   logging
import asname: None
import level:  0
2025-08-16 18:24:41 [DEBUG] depgraph.dep_finding.python_dep_finder: Could not resolve import {'module': 'typing', 'name': 'get_origin', 'asname': None, 'level': 0} in depgraph/utils.py
2025-08-16 18:24:41 [DEBUG] depgraph.dep_finding.python_dep_finder: Could not resolve import {'module': 'typing', 'name': 'get_args', 'asname': None, 'level': 0} in depgraph/utils.py
2025-08-16 18:24:41 [DEBUG] depgraph.dep_finding.python_dep_finder: Could not resolve import {'module': 'typing', 'name': 'Union', 'asname': None, 'level': 0} in depgraph/utils.py
2025-08-16 18:24:41 [DEBUG] depgraph.dep_finding.python_dep_finder: Could not resolve import {'module': 'typing', 'name': 'Set', 'asname': None, 'level': 0} in depgraph/utils.py
2025-08-16 18:24:41 [DEBUG] depgraph.dep_finding.python_dep_finder: Could not resolve import {'module': 'pathlib', 'name': 'Path', 'asname': None, 'level': 0} in depgraph/utils.py
2025-08-16 18:24:41 [DEBUG] depgraph.dep_finding.python_dep_finder: Could not resolve import {'module': None, 'name': 'logging', 'asname': None, 'level': 0} in depgraph/utils.py
2025-08-16 18:24:41 [DEBUG] depgraph.dep_finding.python_dep_finder: starting analyzing imports in depgraph/test_strings.py
2025-08-16 18:24:41 [DEBUG] depgraph.dep_finding.python_dep_finder: starting analyzing imports in depgraph/__init__.py
2025-08-16 18:24:41 [DEBUG] depgraph.dep_finding.python_dep_finder: starting analyzing imports in depgraph/logging_setup.py
2025-08-16 18:24:41 [DEBUG] depgraph.analyzing.python_analyzer: found an ast.Import node
2025-08-16 18:24:41 [DEBUG] depgraph.analyzing.python_analyzer: founded import`s info
import module: None
import name:   logging
import asname: None
import level:  0
2025-08-16 18:24:41 [DEBUG] depgraph.analyzing.python_analyzer: found an ast.Import node
2025-08-16 18:24:41 [DEBUG] depgraph.analyzing.python_analyzer: founded import`s info
import module: None
import name:   sys
import asname: None
import level:  0
2025-08-16 18:24:41 [DEBUG] depgraph.dep_finding.python_dep_finder: Could not resolve import {'module': None, 'name': 'logging', 'asname': None, 'level': 0} in depgraph/logging_setup.py
2025-08-16 18:24:41 [DEBUG] depgraph.dep_finding.python_dep_finder: Could not resolve import {'module': None, 'name': 'sys', 'asname': None, 'level': 0} in depgraph/logging_setup.py
2025-08-16 18:24:41 [DEBUG] depgraph.dep_finding.python_dep_finder: starting analyzing imports in depgraph/dep_finding/__init__.py
2025-08-16 18:24:41 [DEBUG] depgraph.dep_finding.python_dep_finder: starting analyzing imports in depgraph/dep_finding/python_dep_finder.py
2025-08-16 18:24:41 [DEBUG] depgraph.analyzing.python_analyzer: found an ast.ImportFrom node
2025-08-16 18:24:41 [DEBUG] depgraph.analyzing.python_analyzer: founded import`s info
import module: pathlib
import name:   Path
import asname: None
import level:  0
2025-08-16 18:24:41 [DEBUG] depgraph.analyzing.python_analyzer: found an ast.ImportFrom node
2025-08-16 18:24:41 [DEBUG] depgraph.analyzing.python_analyzer: founded import`s info
import module: typing
import name:   List
import asname: None
import level:  0
2025-08-16 18:24:41 [DEBUG] depgraph.analyzing.python_analyzer: founded import`s info
import module: typing
import name:   Dict
import asname: None
import level:  0
2025-08-16 18:24:41 [DEBUG] depgraph.analyzing.python_analyzer: founded import`s info
import module: typing
import name:   Set
import asname: None
import level:  0
2025-08-16 18:24:41 [DEBUG] depgraph.analyzing.python_analyzer: found an ast.Import node
2025-08-16 18:24:41 [DEBUG] depgraph.analyzing.python_analyzer: founded import`s info
import module: None
import name:   logging
import asname: None
import level:  0
2025-08-16 18:24:41 [DEBUG] depgraph.analyzing.python_analyzer: found an ast.ImportFrom node
2025-08-16 18:24:41 [DEBUG] depgraph.analyzing.python_analyzer: founded import`s info
import module: utils
import name:   _find_all_python_modules
import asname: None
import level:  2
2025-08-16 18:24:41 [DEBUG] depgraph.analyzing.python_analyzer: founded import`s info
import module: utils
import name:   _find_package_roots
import asname: None
import level:  2
2025-08-16 18:24:41 [DEBUG] depgraph.analyzing.python_analyzer: found an ast.ImportFrom node
2025-08-16 18:24:41 [DEBUG] depgraph.analyzing.python_analyzer: founded import`s info
import module: analyzing.python_analyzer
import name:   PythonImportsAnalyzer
import asname: None
import level:  2
2025-08-16 18:24:41 [DEBUG] depgraph.dep_finding.python_dep_finder: Could not resolve import {'module': 'pathlib', 'name': 'Path', 'asname': None, 'level': 0} in depgraph/dep_finding/python_dep_finder.py
2025-08-16 18:24:41 [DEBUG] depgraph.dep_finding.python_dep_finder: Could not resolve import {'module': 'typing', 'name': 'List', 'asname': None, 'level': 0} in depgraph/dep_finding/python_dep_finder.py
2025-08-16 18:24:41 [DEBUG] depgraph.dep_finding.python_dep_finder: Could not resolve import {'module': 'typing', 'name': 'Dict', 'asname': None, 'level': 0} in depgraph/dep_finding/python_dep_finder.py
2025-08-16 18:24:41 [DEBUG] depgraph.dep_finding.python_dep_finder: Could not resolve import {'module': 'typing', 'name': 'Set', 'asname': None, 'level': 0} in depgraph/dep_finding/python_dep_finder.py
2025-08-16 18:24:41 [DEBUG] depgraph.dep_finding.python_dep_finder: Could not resolve import {'module': None, 'name': 'logging', 'asname': None, 'level': 0} in depgraph/dep_finding/python_dep_finder.py
2025-08-16 18:24:41 [DEBUG] depgraph.dep_finding.python_dep_finder: Resolved import {'module': 'utils', 'name': '_find_all_python_modules', 'asname': None, 'level': 2} in depgraph/dep_finding/python_dep_finder.py -> depgraph/utils.py
2025-08-16 18:24:41 [DEBUG] depgraph.dep_finding.python_dep_finder: Resolved import {'module': 'utils', 'name': '_find_package_roots', 'asname': None, 'level': 2} in depgraph/dep_finding/python_dep_finder.py -> depgraph/utils.py
2025-08-16 18:24:41 [DEBUG] depgraph.dep_finding.python_dep_finder: Resolved import {'module': 'analyzing.python_analyzer', 'name': 'PythonImportsAnalyzer', 'asname': None, 'level': 2} in depgraph/dep_finding/python_dep_finder.py -> depgraph/analyzing/python_analyzer.py
2025-08-16 18:24:41 [DEBUG] depgraph.dep_finding.python_dep_finder: starting analyzing imports in depgraph/analyzing/__init__.py
2025-08-16 18:24:41 [DEBUG] depgraph.dep_finding.python_dep_finder: starting analyzing imports in depgraph/analyzing/python_analyzer.py
2025-08-16 18:24:41 [DEBUG] depgraph.analyzing.python_analyzer: found an ast.Import node
2025-08-16 18:24:41 [DEBUG] depgraph.analyzing.python_analyzer: founded import`s info
import module: None
import name:   ast
import asname: None
import level:  0
2025-08-16 18:24:41 [DEBUG] depgraph.analyzing.python_analyzer: found an ast.ImportFrom node
2025-08-16 18:24:41 [DEBUG] depgraph.analyzing.python_analyzer: founded import`s info
import module: typing
import name:   Any
import asname: None
import level:  0
2025-08-16 18:24:41 [DEBUG] depgraph.analyzing.python_analyzer: founded import`s info
import module: typing
import name:   Optional
import asname: None
import level:  0
2025-08-16 18:24:41 [DEBUG] depgraph.analyzing.python_analyzer: founded import`s info
import module: typing
import name:   Dict
import asname: None
import level:  0
2025-08-16 18:24:41 [DEBUG] depgraph.analyzing.python_analyzer: founded import`s info
import module: typing
import name:   List
import asname: None
import level:  0
2025-08-16 18:24:41 [DEBUG] depgraph.analyzing.python_analyzer: found an ast.ImportFrom node
2025-08-16 18:24:41 [DEBUG] depgraph.analyzing.python_analyzer: founded import`s info
import module: pprint
import name:   pprint
import asname: None
import level:  0
2025-08-16 18:24:41 [DEBUG] depgraph.analyzing.python_analyzer: found an ast.ImportFrom node
2025-08-16 18:24:41 [DEBUG] depgraph.analyzing.python_analyzer: founded import`s info
import module: copy
import name:   deepcopy
import asname: None
import level:  0
2025-08-16 18:24:41 [DEBUG] depgraph.analyzing.python_analyzer: found an ast.Import node
2025-08-16 18:24:41 [DEBUG] depgraph.analyzing.python_analyzer: founded import`s info
import module: None
import name:   logging
import asname: None
import level:  0
2025-08-16 18:24:41 [DEBUG] depgraph.analyzing.python_analyzer: found an ast.ImportFrom node
2025-08-16 18:24:41 [DEBUG] depgraph.analyzing.python_analyzer: founded import`s info
import module: pathlib
import name:   Path
import asname: None
import level:  0
2025-08-16 18:24:41 [DEBUG] depgraph.analyzing.python_analyzer: found an ast.ImportFrom node
2025-08-16 18:24:41 [DEBUG] depgraph.analyzing.python_analyzer: founded import`s info
import module: utils
import name:   _validate_structure
import asname: None
import level:  2
2025-08-16 18:24:41 [DEBUG] depgraph.dep_finding.python_dep_finder: Could not resolve import {'module': None, 'name': 'ast', 'asname': None, 'level': 0} in depgraph/analyzing/python_analyzer.py
2025-08-16 18:24:41 [DEBUG] depgraph.dep_finding.python_dep_finder: Could not resolve import {'module': 'typing', 'name': 'Any', 'asname': None, 'level': 0} in depgraph/analyzing/python_analyzer.py
2025-08-16 18:24:41 [DEBUG] depgraph.dep_finding.python_dep_finder: Could not resolve import {'module': 'typing', 'name': 'Optional', 'asname': None, 'level': 0} in depgraph/analyzing/python_analyzer.py
2025-08-16 18:24:41 [DEBUG] depgraph.dep_finding.python_dep_finder: Could not resolve import {'module': 'typing', 'name': 'Dict', 'asname': None, 'level': 0} in depgraph/analyzing/python_analyzer.py
2025-08-16 18:24:41 [DEBUG] depgraph.dep_finding.python_dep_finder: Could not resolve import {'module': 'typing', 'name': 'List', 'asname': None, 'level': 0} in depgraph/analyzing/python_analyzer.py
2025-08-16 18:24:41 [DEBUG] depgraph.dep_finding.python_dep_finder: Could not resolve import {'module': 'pprint', 'name': 'pprint', 'asname': None, 'level': 0} in depgraph/analyzing/python_analyzer.py
2025-08-16 18:24:41 [DEBUG] depgraph.dep_finding.python_dep_finder: Could not resolve import {'module': 'copy', 'name': 'deepcopy', 'asname': None, 'level': 0} in depgraph/analyzing/python_analyzer.py
2025-08-16 18:24:41 [DEBUG] depgraph.dep_finding.python_dep_finder: Could not resolve import {'module': None, 'name': 'logging', 'asname': None, 'level': 0} in depgraph/analyzing/python_analyzer.py
2025-08-16 18:24:41 [DEBUG] depgraph.dep_finding.python_dep_finder: Could not resolve import {'module': 'pathlib', 'name': 'Path', 'asname': None, 'level': 0} in depgraph/analyzing/python_analyzer.py
2025-08-16 18:24:41 [DEBUG] depgraph.dep_finding.python_dep_finder: Resolved import {'module': 'utils', 'name': '_validate_structure', 'asname': None, 'level': 2} in depgraph/analyzing/python_analyzer.py -> depgraph/utils.py
2025-08-16 18:25:52 [INFO] root: START TEST FUNCTION
2025-08-16 18:25:52 [DEBUG] depgraph.utils: start searching python modules in /home/hajemet/Рабочий стол/py/dependency-graph-builder
2025-08-16 18:25:52 [DEBUG] depgraph.utils: Found Python module in depgraph/main.py
2025-08-16 18:25:52 [DEBUG] depgraph.utils: Found Python module in depgraph/utils.py
2025-08-16 18:25:52 [DEBUG] depgraph.utils: Found Python module in depgraph/test_strings.py
2025-08-16 18:25:52 [DEBUG] depgraph.utils: Found Python module in depgraph/__init__.py
2025-08-16 18:25:52 [DEBUG] depgraph.utils: Found Python module in depgraph/logging_setup.py
2025-08-16 18:25:52 [DEBUG] depgraph.utils: Found Python module in depgraph/dep_finding/__init__.py
2025-08-16 18:25:52 [DEBUG] depgraph.utils: Found Python module in depgraph/dep_finding/python_dep_finder.py
2025-08-16 18:25:52 [DEBUG] depgraph.utils: Found Python module in depgraph/analyzing/__init__.py
2025-08-16 18:25:52 [DEBUG] depgraph.utils: Found Python module in depgraph/analyzing/python_analyzer.py
2025-08-16 18:25:52 [INFO] depgraph.utils: founded 9 modules in /home/hajemet/Рабочий стол/py/dependency-graph-builder
2025-08-16 18:25:52 [DEBUG] depgraph.dep_finding.python_dep_finder: starting analyzing imports in depgraph/main.py
2025-08-16 18:25:52 [DEBUG] depgraph.analyzing.python_analyzer: found an ast.ImportFrom node
2025-08-16 18:25:52 [DEBUG] depgraph.analyzing.python_analyzer: founded import`s info
import module: pprint
import name:   pprint
import asname: None
import level:  0
2025-08-16 18:25:52 [DEBUG] depgraph.analyzing.python_analyzer: found an ast.ImportFrom node
2025-08-16 18:25:52 [DEBUG] depgraph.analyzing.python_analyzer: founded import`s info
import module: pathlib
import name:   Path
import asname: None
import level:  0
2025-08-16 18:25:52 [DEBUG] depgraph.analyzing.python_analyzer: found an ast.ImportFrom node
2025-08-16 18:25:52 [DEBUG] depgraph.analyzing.python_analyzer: founded import`s info
import module: logging_setup
import name:   setup_logger
import asname: None
import level:  1
2025-08-16 18:25:52 [DEBUG] depgraph.analyzing.python_analyzer: found an ast.ImportFrom node
2025-08-16 18:25:52 [DEBUG] depgraph.analyzing.python_analyzer: founded import`s info
import module: analyzing.python_analyzer
import name:   PythonImportsAnalyzer
import asname: None
import level:  1
2025-08-16 18:25:52 [DEBUG] depgraph.analyzing.python_analyzer: found an ast.ImportFrom node
2025-08-16 18:25:52 [DEBUG] depgraph.analyzing.python_analyzer: founded import`s info
import module: dep_finding.python_dep_finder
import name:   PythonDepFinder
import asname: None
import level:  1
2025-08-16 18:25:52 [DEBUG] depgraph.analyzing.python_analyzer: found an ast.ImportFrom node
2025-08-16 18:25:52 [DEBUG] depgraph.analyzing.python_analyzer: founded import`s info
import module: None
import name:   test_strings
import asname: None
import level:  1
2025-08-16 18:25:52 [DEBUG] depgraph.analyzing.python_analyzer: found an ast.ImportFrom node
2025-08-16 18:25:52 [DEBUG] depgraph.analyzing.python_analyzer: founded import`s info
import module: utils
import name:   _find_all_python_modules
import asname: None
import level:  1
2025-08-16 18:25:52 [DEBUG] depgraph.dep_finding.python_dep_finder: Could not resolve import {'module': 'pprint', 'name': 'pprint', 'asname': None, 'level': 0} in depgraph/main.py
2025-08-16 18:25:52 [DEBUG] depgraph.dep_finding.python_dep_finder: Could not resolve import {'module': 'pathlib', 'name': 'Path', 'asname': None, 'level': 0} in depgraph/main.py
2025-08-16 18:25:52 [DEBUG] depgraph.dep_finding.python_dep_finder: Resolved import {'module': 'logging_setup', 'name': 'setup_logger', 'asname': None, 'level': 1} in depgraph/main.py -> depgraph/logging_setup.py
2025-08-16 18:25:52 [DEBUG] depgraph.dep_finding.python_dep_finder: Resolved import {'module': 'analyzing.python_analyzer', 'name': 'PythonImportsAnalyzer', 'asname': None, 'level': 1} in depgraph/main.py -> depgraph/analyzing/python_analyzer.py
2025-08-16 18:25:52 [DEBUG] depgraph.dep_finding.python_dep_finder: Resolved import {'module': 'dep_finding.python_dep_finder', 'name': 'PythonDepFinder', 'asname': None, 'level': 1} in depgraph/main.py -> depgraph/dep_finding/python_dep_finder.py
2025-08-16 18:25:52 [DEBUG] depgraph.dep_finding.python_dep_finder: Resolved import {'module': None, 'name': 'test_strings', 'asname': None, 'level': 1} in depgraph/main.py -> depgraph/test_strings.py
2025-08-16 18:25:52 [DEBUG] depgraph.dep_finding.python_dep_finder: Resolved import {'module': 'utils', 'name': '_find_all_python_modules', 'asname': None, 'level': 1} in depgraph/main.py -> depgraph/utils.py
2025-08-16 18:25:52 [DEBUG] depgraph.dep_finding.python_dep_finder: starting analyzing imports in depgraph/utils.py
2025-08-16 18:25:52 [DEBUG] depgraph.analyzing.python_analyzer: found an ast.ImportFrom node
2025-08-16 18:25:52 [DEBUG] depgraph.analyzing.python_analyzer: founded import`s info
import module: typing
import name:   get_origin
import asname: None
import level:  0
2025-08-16 18:25:52 [DEBUG] depgraph.analyzing.python_analyzer: founded import`s info
import module: typing
import name:   get_args
import asname: None
import level:  0
2025-08-16 18:25:52 [DEBUG] depgraph.analyzing.python_analyzer: founded import`s info
import module: typing
import name:   Union
import asname: None
import level:  0
2025-08-16 18:25:52 [DEBUG] depgraph.analyzing.python_analyzer: founded import`s info
import module: typing
import name:   Set
import asname: None
import level:  0
2025-08-16 18:25:52 [DEBUG] depgraph.analyzing.python_analyzer: found an ast.ImportFrom node
2025-08-16 18:25:52 [DEBUG] depgraph.analyzing.python_analyzer: founded import`s info
import module: pathlib
import name:   Path
import asname: None
import level:  0
2025-08-16 18:25:52 [DEBUG] depgraph.analyzing.python_analyzer: found an ast.Import node
2025-08-16 18:25:52 [DEBUG] depgraph.analyzing.python_analyzer: founded import`s info
import module: None
import name:   logging
import asname: None
import level:  0
2025-08-16 18:25:52 [DEBUG] depgraph.dep_finding.python_dep_finder: Could not resolve import {'module': 'typing', 'name': 'get_origin', 'asname': None, 'level': 0} in depgraph/utils.py
2025-08-16 18:25:52 [DEBUG] depgraph.dep_finding.python_dep_finder: Could not resolve import {'module': 'typing', 'name': 'get_args', 'asname': None, 'level': 0} in depgraph/utils.py
2025-08-16 18:25:52 [DEBUG] depgraph.dep_finding.python_dep_finder: Could not resolve import {'module': 'typing', 'name': 'Union', 'asname': None, 'level': 0} in depgraph/utils.py
2025-08-16 18:25:52 [DEBUG] depgraph.dep_finding.python_dep_finder: Could not resolve import {'module': 'typing', 'name': 'Set', 'asname': None, 'level': 0} in depgraph/utils.py
2025-08-16 18:25:52 [DEBUG] depgraph.dep_finding.python_dep_finder: Could not resolve import {'module': 'pathlib', 'name': 'Path', 'asname': None, 'level': 0} in depgraph/utils.py
2025-08-16 18:25:52 [DEBUG] depgraph.dep_finding.python_dep_finder: Could not resolve import {'module': None, 'name': 'logging', 'asname': None, 'level': 0} in depgraph/utils.py
2025-08-16 18:25:52 [DEBUG] depgraph.dep_finding.python_dep_finder: starting analyzing imports in depgraph/test_strings.py
2025-08-16 18:25:52 [DEBUG] depgraph.dep_finding.python_dep_finder: starting analyzing imports in depgraph/__init__.py
2025-08-16 18:25:52 [DEBUG] depgraph.dep_finding.python_dep_finder: starting analyzing imports in depgraph/logging_setup.py
2025-08-16 18:25:52 [DEBUG] depgraph.analyzing.python_analyzer: found an ast.Import node
2025-08-16 18:25:52 [DEBUG] depgraph.analyzing.python_analyzer: founded import`s info
import module: None
import name:   logging
import asname: None
import level:  0
2025-08-16 18:25:52 [DEBUG] depgraph.analyzing.python_analyzer: found an ast.Import node
2025-08-16 18:25:52 [DEBUG] depgraph.analyzing.python_analyzer: founded import`s info
import module: None
import name:   sys
import asname: None
import level:  0
2025-08-16 18:25:52 [DEBUG] depgraph.dep_finding.python_dep_finder: Could not resolve import {'module': None, 'name': 'logging', 'asname': None, 'level': 0} in depgraph/logging_setup.py
2025-08-16 18:25:52 [DEBUG] depgraph.dep_finding.python_dep_finder: Could not resolve import {'module': None, 'name': 'sys', 'asname': None, 'level': 0} in depgraph/logging_setup.py
2025-08-16 18:25:52 [DEBUG] depgraph.dep_finding.python_dep_finder: starting analyzing imports in depgraph/dep_finding/__init__.py
2025-08-16 18:25:52 [DEBUG] depgraph.dep_finding.python_dep_finder: starting analyzing imports in depgraph/dep_finding/python_dep_finder.py
2025-08-16 18:25:52 [DEBUG] depgraph.analyzing.python_analyzer: found an ast.ImportFrom node
2025-08-16 18:25:52 [DEBUG] depgraph.analyzing.python_analyzer: founded import`s info
import module: pathlib
import name:   Path
import asname: None
import level:  0
2025-08-16 18:25:52 [DEBUG] depgraph.analyzing.python_analyzer: found an ast.ImportFrom node
2025-08-16 18:25:52 [DEBUG] depgraph.analyzing.python_analyzer: founded import`s info
import module: typing
import name:   List
import asname: None
import level:  0
2025-08-16 18:25:52 [DEBUG] depgraph.analyzing.python_analyzer: founded import`s info
import module: typing
import name:   Dict
import asname: None
import level:  0
2025-08-16 18:25:52 [DEBUG] depgraph.analyzing.python_analyzer: founded import`s info
import module: typing
import name:   Set
import asname: None
import level:  0
2025-08-16 18:25:52 [DEBUG] depgraph.analyzing.python_analyzer: found an ast.Import node
2025-08-16 18:25:52 [DEBUG] depgraph.analyzing.python_analyzer: founded import`s info
import module: None
import name:   logging
import asname: None
import level:  0
2025-08-16 18:25:52 [DEBUG] depgraph.analyzing.python_analyzer: found an ast.ImportFrom node
2025-08-16 18:25:52 [DEBUG] depgraph.analyzing.python_analyzer: founded import`s info
import module: utils
import name:   _find_all_python_modules
import asname: None
import level:  2
2025-08-16 18:25:52 [DEBUG] depgraph.analyzing.python_analyzer: founded import`s info
import module: utils
import name:   _find_package_roots
import asname: None
import level:  2
2025-08-16 18:25:52 [DEBUG] depgraph.analyzing.python_analyzer: found an ast.ImportFrom node
2025-08-16 18:25:52 [DEBUG] depgraph.analyzing.python_analyzer: founded import`s info
import module: analyzing.python_analyzer
import name:   PythonImportsAnalyzer
import asname: None
import level:  2
2025-08-16 18:25:52 [DEBUG] depgraph.dep_finding.python_dep_finder: Could not resolve import {'module': 'pathlib', 'name': 'Path', 'asname': None, 'level': 0} in depgraph/dep_finding/python_dep_finder.py
2025-08-16 18:25:52 [DEBUG] depgraph.dep_finding.python_dep_finder: Could not resolve import {'module': 'typing', 'name': 'List', 'asname': None, 'level': 0} in depgraph/dep_finding/python_dep_finder.py
2025-08-16 18:25:52 [DEBUG] depgraph.dep_finding.python_dep_finder: Could not resolve import {'module': 'typing', 'name': 'Dict', 'asname': None, 'level': 0} in depgraph/dep_finding/python_dep_finder.py
2025-08-16 18:25:52 [DEBUG] depgraph.dep_finding.python_dep_finder: Could not resolve import {'module': 'typing', 'name': 'Set', 'asname': None, 'level': 0} in depgraph/dep_finding/python_dep_finder.py
2025-08-16 18:25:52 [DEBUG] depgraph.dep_finding.python_dep_finder: Could not resolve import {'module': None, 'name': 'logging', 'asname': None, 'level': 0} in depgraph/dep_finding/python_dep_finder.py
2025-08-16 18:25:52 [DEBUG] depgraph.dep_finding.python_dep_finder: Resolved import {'module': 'utils', 'name': '_find_all_python_modules', 'asname': None, 'level': 2} in depgraph/dep_finding/python_dep_finder.py -> depgraph/utils.py
2025-08-16 18:25:52 [DEBUG] depgraph.dep_finding.python_dep_finder: Resolved import {'module': 'utils', 'name': '_find_package_roots', 'asname': None, 'level': 2} in depgraph/dep_finding/python_dep_finder.py -> depgraph/utils.py
2025-08-16 18:25:52 [DEBUG] depgraph.dep_finding.python_dep_finder: Resolved import {'module': 'analyzing.python_analyzer', 'name': 'PythonImportsAnalyzer', 'asname': None, 'level': 2} in depgraph/dep_finding/python_dep_finder.py -> depgraph/analyzing/python_analyzer.py
2025-08-16 18:25:52 [DEBUG] depgraph.dep_finding.python_dep_finder: starting analyzing imports in depgraph/analyzing/__init__.py
2025-08-16 18:25:52 [DEBUG] depgraph.dep_finding.python_dep_finder: starting analyzing imports in depgraph/analyzing/python_analyzer.py
2025-08-16 18:25:52 [DEBUG] depgraph.analyzing.python_analyzer: found an ast.Import node
2025-08-16 18:25:52 [DEBUG] depgraph.analyzing.python_analyzer: founded import`s info
import module: None
import name:   ast
import asname: None
import level:  0
2025-08-16 18:25:52 [DEBUG] depgraph.analyzing.python_analyzer: found an ast.ImportFrom node
2025-08-16 18:25:52 [DEBUG] depgraph.analyzing.python_analyzer: founded import`s info
import module: typing
import name:   Any
import asname: None
import level:  0
2025-08-16 18:25:52 [DEBUG] depgraph.analyzing.python_analyzer: founded import`s info
import module: typing
import name:   Optional
import asname: None
import level:  0
2025-08-16 18:25:52 [DEBUG] depgraph.analyzing.python_analyzer: founded import`s info
import module: typing
import name:   Dict
import asname: None
import level:  0
2025-08-16 18:25:52 [DEBUG] depgraph.analyzing.python_analyzer: founded import`s info
import module: typing
import name:   List
import asname: None
import level:  0
2025-08-16 18:25:52 [DEBUG] depgraph.analyzing.python_analyzer: found an ast.ImportFrom node
2025-08-16 18:25:52 [DEBUG] depgraph.analyzing.python_analyzer: founded import`s info
import module: pprint
import name:   pprint
import asname: None
import level:  0
2025-08-16 18:25:52 [DEBUG] depgraph.analyzing.python_analyzer: found an ast.ImportFrom node
2025-08-16 18:25:52 [DEBUG] depgraph.analyzing.python_analyzer: founded import`s info
import module: copy
import name:   deepcopy
import asname: None
import level:  0
2025-08-16 18:25:52 [DEBUG] depgraph.analyzing.python_analyzer: found an ast.Import node
2025-08-16 18:25:52 [DEBUG] depgraph.analyzing.python_analyzer: founded import`s info
import module: None
import name:   logging
import asname: None
import level:  0
2025-08-16 18:25:52 [DEBUG] depgraph.analyzing.python_analyzer: found an ast.ImportFrom node
2025-08-16 18:25:52 [DEBUG] depgraph.analyzing.python_analyzer: founded import`s info
import module: pathlib
import name:   Path
import asname: None
import level:  0
2025-08-16 18:25:52 [DEBUG] depgraph.analyzing.python_analyzer: found an ast.ImportFrom node
2025-08-16 18:25:52 [DEBUG] depgraph.analyzing.python_analyzer: founded import`s info
import module: utils
import name:   _validate_structure
import asname: None
import level:  2
2025-08-16 18:25:52 [DEBUG] depgraph.dep_finding.python_dep_finder: Could not resolve import {'module': None, 'name': 'ast', 'asname': None, 'level': 0} in depgraph/analyzing/python_analyzer.py
2025-08-16 18:25:52 [DEBUG] depgraph.dep_finding.python_dep_finder: Could not resolve import {'module': 'typing', 'name': 'Any', 'asname': None, 'level': 0} in depgraph/analyzing/python_analyzer.py
2025-08-16 18:25:52 [DEBUG] depgraph.dep_finding.python_dep_finder: Could not resolve import {'module': 'typing', 'name': 'Optional', 'asname': None, 'level': 0} in depgraph/analyzing/python_analyzer.py
2025-08-16 18:25:52 [DEBUG] depgraph.dep_finding.python_dep_finder: Could not resolve import {'module': 'typing', 'name': 'Dict', 'asname': None, 'level': 0} in depgraph/analyzing/python_analyzer.py
2025-08-16 18:25:52 [DEBUG] depgraph.dep_finding.python_dep_finder: Could not resolve import {'module': 'typing', 'name': 'List', 'asname': None, 'level': 0} in depgraph/analyzing/python_analyzer.py
2025-08-16 18:25:52 [DEBUG] depgraph.dep_finding.python_dep_finder: Could not resolve import {'module': 'pprint', 'name': 'pprint', 'asname': None, 'level': 0} in depgraph/analyzing/python_analyzer.py
2025-08-16 18:25:52 [DEBUG] depgraph.dep_finding.python_dep_finder: Could not resolve import {'module': 'copy', 'name': 'deepcopy', 'asname': None, 'level': 0} in depgraph/analyzing/python_analyzer.py
2025-08-16 18:25:52 [DEBUG] depgraph.dep_finding.python_dep_finder: Could not resolve import {'module': None, 'name': 'logging', 'asname': None, 'level': 0} in depgraph/analyzing/python_analyzer.py
2025-08-16 18:25:52 [DEBUG] depgraph.dep_finding.python_dep_finder: Could not resolve import {'module': 'pathlib', 'name': 'Path', 'asname': None, 'level': 0} in depgraph/analyzing/python_analyzer.py
2025-08-16 18:25:52 [DEBUG] depgraph.dep_finding.python_dep_finder: Resolved import {'module': 'utils', 'name': '_validate_structure', 'asname': None, 'level': 2} in depgraph/analyzing/python_analyzer.py -> depgraph/utils.py
